\BOOKMARK [1][-]{section*.2}{\376\377\000C\000a\000d\000e\000n\000a\000s\000\040\000d\000e\000\040\000M\000a\000r\000k\000o\000v\000\040\000a\000\040\000t\000i\000e\000m\000p\000o\000\040\000c\000o\000n\000t\000i\000n\000u\000o\000:\000\040\000g\000e\000n\000e\000r\000a\000d\000o\000r\000,\000\040\000c\000o\000n\000s\000t\000r\000u\000c\000c\000i\000\363\000n\000\040\000y\000\040\000e\000r\000g\000o\000d\000i\000c\000i\000d\000a\000d}{}% 1
\BOOKMARK [2][-]{section*.3}{\376\377\000E\000j\000e\000r\000c\000i\000c\000i\000o\000\040\0001\000.\0001}{section*.2}% 2
\BOOKMARK [2][-]{section*.4}{\376\377\000E\000j\000e\000r\000c\000i\000c\000i\000o\000\040\0001\000.\0002}{section*.2}% 3
\BOOKMARK [2][-]{section*.5}{\376\377\000E\000j\000e\000r\000c\000i\000c\000i\000o\000\040\0001\000.\0003\000\040\000\050\000S\000i\000s\000t\000e\000m\000a\000\040\000d\000e\000\040\000i\000n\000v\000e\000n\000t\000a\000r\000i\000o\000\051}{section*.2}% 4
\BOOKMARK [2][-]{section*.6}{\376\377\000E\000j\000e\000r\000c\000i\000c\000i\000o\000\040\0001\000.\0004}{section*.2}% 5
\BOOKMARK [2][-]{section*.7}{\376\377\000E\000j\000e\000r\000c\000i\000c\000i\000o\000\040\0001\000.\0005\000\040\000\050\000R\000e\000v\000e\000r\000s\000i\000b\000i\000l\000i\000d\000a\000d\000\051}{section*.2}% 6
\BOOKMARK [2][-]{section*.8}{\376\377\000E\000j\000e\000r\000c\000i\000c\000i\000o\000\040\0001\000.\0006\000\040\000\050\000E\000r\000g\000o\000d\000i\000c\000i\000d\000a\000d\000\051}{section*.2}% 7
\BOOKMARK [2][-]{section*.9}{\376\377\000E\000j\000e\000r\000c\000i\000c\000i\000o\000\040\0001\000.\0007\000\040\000\050\000C\000a\000m\000i\000n\000a\000t\000a\000\040\000c\000o\000n\000t\000i\000n\000u\000a\000\040\000e\000n\000\040\000Z\000\051}{section*.2}% 8
\BOOKMARK [2][-]{section*.10}{\376\377\000E\000j\000e\000r\000c\000i\000c\000i\000o\000\040\0001\000.\0008\000\040\000\050\000M\000\341\000q\000u\000i\000n\000a\000\040\000c\000o\000n\000\040\000d\000o\000s\000\040\000m\000o\000d\000o\000s\000\051}{section*.2}% 9
\BOOKMARK [2][-]{section*.11}{\376\377\000E\000j\000e\000r\000c\000i\000c\000i\000o\000\040\0001\000.\0009\000\040\000\050\000N\000a\000c\000i\000m\000i\000e\000n\000t\000o\040\023\000m\000u\000e\000r\000t\000e\000\040\000i\000n\000v\000a\000r\000i\000a\000n\000t\000e\000\051}{section*.2}% 10
\BOOKMARK [2][-]{section*.12}{\376\377\000E\000j\000e\000r\000c\000i\000c\000i\000o\000\040\0001\000.\0001\0000\000\040\000\050\000D\000o\000s\000\040\000m\000\341\000q\000u\000i\000n\000a\000s\000\051}{section*.2}% 11
\BOOKMARK [2][-]{section*.13}{\376\377\000E\000j\000e\000r\000c\000i\000c\000i\000o\000\040\0001\000.\0001\0001\000\040\000\050\000S\000i\000m\000u\000l\000a\000c\000i\000\363\000n\000\040\000e\000n\000\040\000P\000y\000t\000h\000o\000n\000\051}{section*.2}% 12
\BOOKMARK [2][-]{section*.14}{\376\377\000E\000j\000e\000r\000c\000i\000c\000i\000o\000\040\0001\000.\0001\0002\000\040\000\050\000N\000a\000c\000i\000m\000i\000e\000n\000t\000o\040\023\000m\000u\000e\000r\000t\000e\000\040\000c\000o\000n\000\040\000d\000e\000r\000i\000v\000a\000\051}{section*.2}% 13
\BOOKMARK [1][-]{section*.15}{\376\377\000P\000r\000o\000c\000e\000s\000o\000\040\000d\000e\000\040\000P\000o\000i\000s\000s\000o\000n\000\040\000y\000\040\000s\000u\000s\000\040\000e\000x\000t\000e\000n\000s\000i\000o\000n\000e\000s\000\040\000e\000l\000e\000m\000e\000n\000t\000a\000l\000e\000s}{}% 14
\BOOKMARK [2][-]{section*.16}{\376\377\000E\000j\000e\000r\000c\000i\000c\000i\000o\000\040\0002\000.\0001}{section*.15}% 15
\BOOKMARK [2][-]{section*.17}{\376\377\000E\000j\000e\000r\000c\000i\000c\000i\000o\000\040\0002\000.\0002}{section*.15}% 16
\BOOKMARK [2][-]{section*.18}{\376\377\000E\000j\000e\000r\000c\000i\000c\000i\000o\000\040\0002\000.\0003}{section*.15}% 17
\BOOKMARK [2][-]{section*.19}{\376\377\000E\000j\000e\000r\000c\000i\000c\000i\000o\000\040\0002\000.\0004\000\040\000\050\000A\000d\000e\000l\000g\000a\000z\000a\000m\000i\000e\000n\000t\000o\000\051}{section*.15}% 18
\BOOKMARK [2][-]{section*.20}{\376\377\000E\000j\000e\000r\000c\000i\000c\000i\000o\000\040\0002\000.\0005\000\040\000\050\000S\000u\000p\000e\000r\000p\000o\000s\000i\000c\000i\000\363\000n\000\051}{section*.15}% 19
\BOOKMARK [2][-]{section*.21}{\376\377\000E\000j\000e\000r\000c\000i\000c\000i\000o\000\040\0002\000.\0006\000\040\000\050\000P\000r\000o\000c\000e\000s\000o\000\040\000d\000e\000\040\000P\000o\000i\000s\000s\000o\000n\000\040\000c\000o\000m\000p\000u\000e\000s\000t\000o\000\051}{section*.15}% 20
\BOOKMARK [2][-]{section*.22}{\376\377\000E\000j\000e\000r\000c\000i\000c\000i\000o\000\040\0002\000.\0007}{section*.15}% 21
\BOOKMARK [2][-]{section*.23}{\376\377\000E\000j\000e\000r\000c\000i\000c\000i\000o\000\040\0002\000.\0008}{section*.15}% 22
\BOOKMARK [2][-]{section*.24}{\376\377\000E\000j\000e\000r\000c\000i\000c\000i\000o\000\040\0002\000.\0009}{section*.15}% 23
\BOOKMARK [2][-]{section*.25}{\376\377\000E\000j\000e\000r\000c\000i\000c\000i\000o\000\040\0002\000.\0001\0000}{section*.15}% 24
\BOOKMARK [2][-]{section*.26}{\376\377\000E\000j\000e\000r\000c\000i\000c\000i\000o\000\040\0002\000.\0001\0001\000\040\000\050\000S\000i\000m\000u\000l\000a\000c\000i\000\363\000n\000\051}{section*.15}% 25
\BOOKMARK [2][-]{section*.27}{\376\377\000E\000j\000e\000r\000c\000i\000c\000i\000o\000\040\0002\000.\0001\0002\000\040\000\050\000S\000i\000m\000u\000l\000a\000c\000i\000\363\000n\000\040\000a\000d\000e\000l\000g\000a\000z\000a\000m\000i\000e\000n\000t\000o\000\040\000y\000\040\000s\000u\000p\000e\000r\000p\000o\000s\000i\000c\000i\000\363\000n\000\051}{section*.15}% 26
\BOOKMARK [1][-]{section*.28}{\376\377\000M\000o\000d\000e\000l\000o\000s\000\040\000d\000e\000\040\000c\000o\000l\000a\000s\000\040\000M\000/\000M\000/\000k\000\040\000y\000\040\000M\000/\000M\000/}{}% 27
\BOOKMARK [2][-]{section*.29}{\376\377\000E\000j\000e\000r\000c\000i\000c\000i\000o\000\040\0003\000.\0001}{section*.28}% 28
\BOOKMARK [2][-]{section*.30}{\376\377\000E\000j\000e\000r\000c\000i\000c\000i\000o\000\040\0003\000.\0002}{section*.28}% 29
\BOOKMARK [2][-]{section*.31}{\376\377\000E\000j\000e\000r\000c\000i\000c\000i\000o\000\040\0003\000.\0003}{section*.28}% 30
\BOOKMARK [2][-]{section*.32}{\376\377\000E\000j\000e\000r\000c\000i\000c\000i\000o\000\040\0003\000.\0004\000\040\000\050\000M\000/\000M\000/\000k\000/\000k\000\051}{section*.28}% 31
\BOOKMARK [2][-]{section*.33}{\376\377\000E\000j\000e\000r\000c\000i\000c\000i\000o\000\040\0003\000.\0005\000\040\000\050\000M\000/\000M\000/\000\051}{section*.28}% 32
\BOOKMARK [2][-]{section*.34}{\376\377\000E\000j\000e\000r\000c\000i\000c\000i\000o\000\040\0003\000.\0006}{section*.28}% 33
\BOOKMARK [2][-]{section*.35}{\376\377\000E\000j\000e\000r\000c\000i\000c\000i\000o\000\040\0003\000.\0007}{section*.28}% 34
\BOOKMARK [2][-]{section*.36}{\376\377\000E\000j\000e\000r\000c\000i\000c\000i\000o\000\040\0003\000.\0008}{section*.28}% 35
\BOOKMARK [2][-]{section*.37}{\376\377\000E\000j\000e\000r\000c\000i\000c\000i\000o\000\040\0003\000.\0009}{section*.28}% 36
\BOOKMARK [2][-]{section*.38}{\376\377\000E\000j\000e\000r\000c\000i\000c\000i\000o\000\040\0003\000.\0001\0000}{section*.28}% 37
\BOOKMARK [2][-]{section*.39}{\376\377\000E\000j\000e\000r\000c\000i\000c\000i\000o\000\040\0003\000.\0001\0001\000\040\000\050\000S\000i\000m\000u\000l\000a\000c\000i\000\363\000n\000\051}{section*.28}% 38
\BOOKMARK [2][-]{section*.40}{\376\377\000E\000j\000e\000r\000c\000i\000c\000i\000o\000\040\0003\000.\0001\0002\000\040\000\050\000S\000i\000m\000u\000l\000a\000c\000i\000\363\000n\000\040\000M\000/\000M\000/\000\051}{section*.28}% 39
\BOOKMARK [1][-]{section*.41}{\376\377\000O\000p\000t\000i\000m\000a\000l\000\040\000s\000t\000o\000p\000p\000i\000n\000g\000\040\000p\000a\000r\000a\000\040\000c\000a\000d\000e\000n\000a\000s\000\040\000d\000e\000\040\000M\000a\000r\000k\000o\000v}{}% 40
\BOOKMARK [2][-]{section*.42}{\376\377\000E\000j\000e\000r\000c\000i\000c\000i\000o\000\040\0004\000.\0001\000\040\000\050\000R\000e\000c\000u\000r\000s\000i\000\363\000n\000\040\000d\000e\000\040\000B\000e\000l\000l\000m\000a\000n\000\051}{section*.41}% 41
\BOOKMARK [2][-]{section*.43}{\376\377\000E\000j\000e\000r\000c\000i\000c\000i\000o\000\040\0004\000.\0002}{section*.41}% 42
\BOOKMARK [2][-]{section*.44}{\376\377\000E\000j\000e\000r\000c\000i\000c\000i\000o\000\040\0004\000.\0003\000\040\000\050\000C\000a\000m\000i\000n\000a\000t\000a\000\040\000s\000e\000s\000g\000a\000d\000a\000\051}{section*.41}% 43
\BOOKMARK [2][-]{section*.45}{\376\377\000E\000j\000e\000r\000c\000i\000c\000i\000o\000\040\0004\000.\0004}{section*.41}% 44
\BOOKMARK [2][-]{section*.46}{\376\377\000E\000j\000e\000r\000c\000i\000c\000i\000o\000\040\0004\000.\0005\000\040\000\050\000I\000d\000e\000n\000t\000i\000d\000a\000d\000\040\000d\000e\000\040\000D\000y\000n\000k\000i\000n\000\051}{section*.41}% 45
\BOOKMARK [2][-]{section*.47}{\376\377\000E\000j\000e\000r\000c\000i\000c\000i\000o\000\040\0004\000.\0006\000\040\000\050\000R\000e\000e\000m\000p\000l\000a\000z\000o\000\040\000d\000e\000\040\000m\000\341\000q\000u\000i\000n\000a\000\040\000a\000\040\000t\000i\000e\000m\000p\000o\000\040\000c\000o\000n\000t\000i\000n\000u\000o\000\051}{section*.41}% 46
\BOOKMARK [2][-]{section*.48}{\376\377\000E\000j\000e\000r\000c\000i\000c\000i\000o\000\040\0004\000.\0007\000\040\000\050\000C\000a\000m\000i\000n\000a\000t\000a\000\040\000c\000o\000n\000\040\000a\000b\000s\000o\000r\000b\000e\000n\000t\000e\000s\000\051}{section*.41}% 47
\BOOKMARK [2][-]{section*.49}{\376\377\000E\000j\000e\000r\000c\000i\000c\000i\000o\000\040\0004\000.\0008\000\040\000\050\000I\000t\000e\000r\000a\000c\000i\000\363\000n\000\040\000d\000e\000l\000\040\000o\000p\000e\000r\000a\000d\000o\000r\000\040\000d\000e\000\040\000B\000e\000l\000l\000m\000a\000n\000\051}{section*.41}% 48
\BOOKMARK [2][-]{section*.50}{\376\377\000E\000j\000e\000r\000c\000i\000c\000i\000o\000\040\0004\000.\0009\000\040\000\050\000C\000o\000s\000t\000o\000\040\000d\000e\000\040\000e\000s\000p\000e\000r\000a\000\051}{section*.41}% 49
\BOOKMARK [2][-]{section*.51}{\376\377\000E\000j\000e\000r\000c\000i\000c\000i\000o\000\040\0004\000.\0001\0000\000\040\000\050\000V\000e\000n\000t\000a\000\040\000d\000e\000\040\000a\000c\000t\000i\000v\000o\000\051}{section*.41}% 50
\BOOKMARK [2][-]{section*.52}{\376\377\000E\000j\000e\000r\000c\000i\000c\000i\000o\000\040\0004\000.\0001\0001\000\040\000\050\000S\000i\000m\000u\000l\000a\000c\000i\000\363\000n\000\051}{section*.41}% 51
\BOOKMARK [2][-]{section*.53}{\376\377\000E\000j\000e\000r\000c\000i\000c\000i\000o\000\040\0004\000.\0001\0002\000\040\000\050\000S\000i\000m\000u\000l\000a\000c\000i\000\363\000n\000\040\000M\000o\000n\000t\000e\000\040\000C\000a\000r\000l\000o\000\040\000p\000a\000r\000a\000\040\000u\000m\000b\000r\000a\000l\000\051}{section*.41}% 52
\BOOKMARK [1][-]{section*.54}{\376\377\000M\000a\000r\000t\000i\000n\000g\000a\000l\000a\000s\000\040\000a\000s\000o\000c\000i\000a\000d\000a\000s\000\040\000y\000\040\000c\000a\000m\000b\000i\000o\000s\000\040\000d\000e\000\040\000m\000e\000d\000i\000d\000a}{}% 53
\BOOKMARK [2][-]{section*.55}{\376\377\000E\000j\000e\000r\000c\000i\000c\000i\000o\000\040\0005\000.\0001}{section*.54}% 54
\BOOKMARK [2][-]{section*.56}{\376\377\000E\000j\000e\000r\000c\000i\000c\000i\000o\000\040\0005\000.\0002}{section*.54}% 55
\BOOKMARK [2][-]{section*.57}{\376\377\000E\000j\000e\000r\000c\000i\000c\000i\000o\000\040\0005\000.\0003\000\040\000\050\000T\000r\000a\000n\000s\000f\000o\000r\000m\000a\000c\000i\000\363\000n\000\040\000h\000\051}{section*.54}% 56
\BOOKMARK [2][-]{section*.58}{\376\377\000E\000j\000e\000r\000c\000i\000c\000i\000o\000\040\0005\000.\0004}{section*.54}% 57
\BOOKMARK [2][-]{section*.59}{\376\377\000E\000j\000e\000r\000c\000i\000c\000i\000o\000\040\0005\000.\0005}{section*.54}% 58
\BOOKMARK [2][-]{section*.60}{\376\377\000E\000j\000e\000r\000c\000i\000c\000i\000o\000\040\0005\000.\0006\000\040\000\050\000M\000/\000M\000/\000\051}{section*.54}% 59
\BOOKMARK [2][-]{section*.61}{\376\377\000E\000j\000e\000r\000c\000i\000c\000i\000o\000\040\0005\000.\0007\000\040\000\050\000T\000i\000e\000m\000p\000o\000\040\000d\000e\000\040\000e\000n\000t\000r\000a\000d\000a\000\051}{section*.54}% 60
\BOOKMARK [2][-]{section*.62}{\376\377\000E\000j\000e\000r\000c\000i\000c\000i\000o\000\040\0005\000.\0008\000\040\000\050\000F\000u\000n\000c\000i\000\363\000n\000\040\000d\000e\000\040\000L\000y\000a\000p\000u\000n\000o\000v\000\051}{section*.54}% 61
\BOOKMARK [2][-]{section*.63}{\376\377\000E\000j\000e\000r\000c\000i\000c\000i\000o\000\040\0005\000.\0009}{section*.54}% 62
\BOOKMARK [2][-]{section*.64}{\376\377\000E\000j\000e\000r\000c\000i\000c\000i\000o\000\040\0005\000.\0001\0000\000\040\000\050\000R\000i\000e\000s\000g\000o\000\040\000y\000\040\000m\000a\000r\000t\000i\000n\000g\000a\000l\000a\000\040\000e\000x\000p\000o\000n\000e\000n\000c\000i\000a\000l\000\051}{section*.54}% 63
\BOOKMARK [2][-]{section*.65}{\376\377\000E\000j\000e\000r\000c\000i\000c\000i\000o\000\040\0005\000.\0001\0001\000\040\000\050\000S\000i\000m\000u\000l\000a\000c\000i\000\363\000n\000\040\000m\000a\000r\000t\000i\000n\000g\000a\000l\000a\000\040\000c\000o\000m\000p\000e\000n\000s\000a\000d\000a\000\051}{section*.54}% 64
\BOOKMARK [2][-]{section*.66}{\376\377\000E\000j\000e\000r\000c\000i\000c\000i\000o\000\040\0005\000.\0001\0002\000\040\000\050\000S\000i\000m\000u\000l\000a\000c\000i\000\363\000n\000\040\000c\000a\000m\000b\000i\000o\000\040\000d\000e\000\040\000m\000e\000d\000i\000d\000a\000\051}{section*.54}% 65
