\BOOKMARK [2][-]{section*.2}{\376\377\000E\000j\000e\000r\000c\000i\000c\000i\000o\000\040\0001\000.\0001\000\040\000\050\000P\000r\000o\000p\000i\000e\000d\000a\000d\000\040\000d\000e\000\040\000M\000a\000r\000k\000o\000v\000\040\000y\000\040\000f\000u\000n\000c\000i\000o\000n\000e\000s\000\040\000a\000r\000m\000\363\000n\000i\000c\000a\000s\000\051}{}% 1
\BOOKMARK [2][-]{section*.7}{\376\377\000E\000j\000e\000r\000c\000i\000c\000i\000o\000\040\0001\000.\0002\000\040\000\050\000C\000a\000m\000i\000n\000a\000t\000a\000\040\000a\000l\000e\000a\000t\000o\000r\000i\000a\000\040\000e\000n\000\040\000Z\000\051}{}% 2
\BOOKMARK [2][-]{section*.12}{\376\377\000E\000j\000e\000r\000c\000i\000c\000i\000o\000\040\0001\000.\0003\000\040\000\050\000C\000l\000a\000s\000i\000f\000i\000c\000a\000c\000i\000\363\000n\000\040\000d\000e\000\040\000e\000s\000t\000a\000d\000o\000s\000\051}{}% 3
\BOOKMARK [2][-]{section*.17}{\376\377\000E\000j\000e\000r\000c\000i\000c\000i\000o\000\040\0001\000.\0004\000\040\000\050\000T\000i\000e\000m\000p\000o\000\040\000e\000s\000p\000e\000r\000a\000d\000o\000\040\000d\000e\000\040\000l\000l\000e\000g\000a\000d\000a\000\051}{}% 4
\BOOKMARK [2][-]{section*.22}{\376\377\000E\000j\000e\000r\000c\000i\000c\000i\000o\000\040\0001\000.\0005\000\040\000\050\000P\000r\000o\000b\000a\000b\000i\000l\000i\000d\000a\000d\000\040\000d\000e\000\040\000r\000u\000i\000n\000a\000\040\000d\000e\000l\000\040\000j\000u\000g\000a\000d\000o\000r\000\051}{}% 5
\BOOKMARK [1][-]{section*.26}{\376\377\000M\000e\000d\000i\000d\000a\000s\000\040\000e\000s\000t\000a\000c\000i\000o\000n\000a\000r\000i\000a\000s\000,\000\040\000r\000e\000c\000u\000r\000r\000e\000n\000c\000i\000a\000\040\000y\000\040\000e\000r\000g\000o\000d\000i\000c\000i\000d\000a\000d}{}% 6
\BOOKMARK [2][-]{section*.27}{\376\377\000E\000j\000e\000r\000c\000i\000c\000i\000o\000\040\0002\000.\0001\000\040\000\050\000E\000x\000i\000s\000t\000e\000n\000c\000i\000a\000,\000\040\000u\000n\000i\000c\000i\000d\000a\000d\000\040\000y\000\040\000t\000i\000e\000m\000p\000o\000\040\000d\000e\000\040\000r\000e\000t\000o\000r\000n\000o\000\051}{section*.26}% 7
\BOOKMARK [2][-]{section*.32}{\376\377\000E\000j\000e\000r\000c\000i\000c\000i\000o\000\040\0002\000.\0002\000\040\000\050\000C\000a\000d\000e\000n\000a\000\040\000d\000e\000\040\000n\000a\000c\000i\000m\000i\000e\000n\000t\000o\000-\000m\000u\000e\000r\000t\000e\000\040\000d\000i\000s\000c\000r\000e\000t\000a\000\051}{section*.26}% 8
\BOOKMARK [2][-]{section*.37}{\376\377\000E\000j\000e\000r\000c\000i\000c\000i\000o\000\040\0002\000.\0003\000\040\000\050\000C\000o\000n\000v\000e\000r\000g\000e\000n\000c\000i\000a\000\040\000a\000l\000\040\000e\000q\000u\000i\000l\000i\000b\000r\000i\000o\000\051}{section*.26}% 9
\BOOKMARK [2][-]{section*.42}{\376\377\000E\000j\000e\000r\000c\000i\000c\000i\000o\000\040\0002\000.\0004\000\040\000\050\000C\000a\000m\000i\000n\000a\000t\000a\000\040\000a\000l\000e\000a\000t\000o\000r\000i\000a\000\040\000e\000n\000\040\000Z\000d\000\051}{section*.26}% 10
\BOOKMARK [2][-]{section*.47}{\376\377\000E\000j\000e\000r\000c\000i\000c\000i\000o\000\040\0002\000.\0005\000\040\000\050\000C\000a\000m\000i\000n\000a\000t\000a\000\040\000a\000l\000e\000a\000t\000o\000r\000i\000a\000\040\000e\000n\000\040\000g\000r\000a\000f\000o\000s\000\040\000f\000i\000n\000i\000t\000o\000s\000\051}{section*.26}% 11
\BOOKMARK [1][-]{section*.52}{\376\377\000M\000a\000r\000t\000i\000n\000g\000a\000l\000a\000s\000,\000\040\000p\000o\000t\000e\000n\000c\000i\000a\000l\000\040\000y\000\040\000f\000u\000n\000c\000i\000\363\000n\000\040\000d\000e\000\040\000G\000r\000e\000e\000n}{}% 12
\BOOKMARK [2][-]{section*.53}{\376\377\000E\000j\000e\000r\000c\000i\000c\000i\000o\000\040\0003\000.\0001\000\040\000\050\000T\000e\000o\000r\000e\000m\000a\000\040\000d\000e\000\040\000p\000a\000r\000o\000\040\000o\000p\000c\000i\000o\000n\000a\000l\000\051}{section*.52}% 13
\BOOKMARK [2][-]{section*.58}{\376\377\000E\000j\000e\000r\000c\000i\000c\000i\000o\000\040\0003\000.\0002\000\040\000\050\000P\000r\000o\000b\000l\000e\000m\000a\000\040\000d\000e\000\040\000D\000i\000r\000i\000c\000h\000l\000e\000t\000\040\000d\000i\000s\000c\000r\000e\000t\000o\000\051}{section*.52}% 14
\BOOKMARK [2][-]{section*.63}{\376\377\000E\000j\000e\000r\000c\000i\000c\000i\000o\000\040\0003\000.\0003\000\040\000\050\000F\000u\000n\000c\000i\000\363\000n\000\040\000d\000e\000\040\000G\000r\000e\000e\000n\000\040\000y\000\040\000e\000c\000u\000a\000c\000i\000\363\000n\000\040\000d\000e\000\040\000P\000o\000i\000s\000s\000o\000n\000\051}{section*.52}% 15
\BOOKMARK [2][-]{section*.68}{\376\377\000E\000j\000e\000r\000c\000i\000c\000i\000o\000\040\0003\000.\0004\000\040\000\050\000T\000i\000e\000m\000p\000o\000\040\000d\000e\000\040\000c\000u\000b\000r\000i\000m\000i\000e\000n\000t\000o\000\051}{section*.52}% 16
\BOOKMARK [2][-]{section*.73}{\376\377\000E\000j\000e\000r\000c\000i\000c\000i\000o\000\040\0003\000.\0005\000\040\000\050\000C\000a\000p\000a\000c\000i\000d\000a\000d\000\040\000y\000\040\000p\000r\000o\000b\000a\000b\000i\000l\000i\000d\000a\000d\000\040\000d\000e\000\040\000a\000b\000s\000o\000r\000c\000i\000\363\000n\000\051}{section*.52}% 17
\BOOKMARK [2][-]{section*.78}{\376\377\000E\000j\000e\000r\000c\000i\000c\000i\000o\000\040\0003\000.\0006\000\040\000\050\000M\000o\000v\000i\000m\000i\000e\000n\000t\000o\000\040\000b\000r\000o\000w\000n\000i\000a\000n\000o\000\040\000c\000o\000m\000o\000\040\000l\000\355\000m\000i\000t\000e\000\051}{section*.52}% 18
\BOOKMARK [1][-]{section*.83}{\376\377\000C\000a\000d\000e\000n\000a\000s\000\040\000d\000e\000\040\000M\000a\000r\000k\000o\000v\000\040\000a\000\040\000t\000i\000e\000m\000p\000o\000\040\000c\000o\000n\000t\000i\000n\000u\000o}{}% 19
\BOOKMARK [2][-]{section*.84}{\376\377\000E\000j\000e\000r\000c\000i\000c\000i\000o\000\040\0004\000.\0001\000\040\000\050\000G\000e\000n\000e\000r\000a\000d\000o\000r\000\040\000y\000\040\000s\000e\000m\000i\000g\000r\000u\000p\000o\000\051}{section*.83}% 20
\BOOKMARK [2][-]{section*.89}{\376\377\000E\000j\000e\000r\000c\000i\000c\000i\000o\000\040\0004\000.\0002\000\040\000\050\000P\000r\000o\000c\000e\000s\000o\000\040\000d\000e\000\040\000P\000o\000i\000s\000s\000o\000n\000\051}{section*.83}% 21
\BOOKMARK [2][-]{section*.94}{\376\377\000E\000j\000e\000r\000c\000i\000c\000i\000o\000\040\0004\000.\0003\000\040\000\050\000N\000a\000c\000i\000m\000i\000e\000n\000t\000o\000-\000m\000u\000e\000r\000t\000e\000\040\000c\000o\000n\000\040\000a\000b\000s\000o\000r\000c\000i\000\363\000n\000\051}{section*.83}% 22
\BOOKMARK [2][-]{section*.99}{\376\377\000E\000j\000e\000r\000c\000i\000c\000i\000o\000\040\0004\000.\0004\000\040\000\050\000E\000c\000u\000a\000c\000i\000o\000n\000e\000s\000\040\000d\000e\000\040\000K\000o\000l\000m\000o\000g\000o\000r\000o\000v\000\040\000h\000a\000c\000i\000a\000\040\000a\000d\000e\000l\000a\000n\000t\000e\000\051}{section*.83}% 23
\BOOKMARK [2][-]{section*.103}{\376\377\000E\000j\000e\000r\000c\000i\000c\000i\000o\000\040\0004\000.\0005\000\040\000\050\000C\000o\000l\000a\000\040\000M\000/\000M\000/\0001\000\051}{section*.83}% 24
\BOOKMARK [2][-]{section*.108}{\376\377\000E\000j\000e\000r\000c\000i\000c\000i\000o\000\040\0004\000.\0006\000\040\000\050\000R\000e\000v\000e\000r\000s\000i\000b\000i\000l\000i\000d\000a\000d\000\040\000e\000n\000\040\000t\000i\000e\000m\000p\000o\000\040\000c\000o\000n\000t\000i\000n\000u\000o\000\051}{section*.83}% 25
\BOOKMARK [2][-]{section*.113}{\376\377\000E\000j\000e\000r\000c\000i\000c\000i\000o\000\040\0004\000.\0007\000\040\000\050\000C\000a\000d\000e\000n\000a\000\040\000e\000n\000c\000a\000j\000a\000d\000a\000\040\000y\000\040\000c\000o\000n\000s\000t\000r\000u\000c\000c\000i\000\363\000n\000\051}{section*.83}% 26
\BOOKMARK [1][-]{section*.118}{\376\377\000T\000e\000o\000r\000e\000m\000a\000s\000\040\000l\000\355\000m\000i\000t\000e}{}% 27
\BOOKMARK [2][-]{section*.119}{\376\377\000E\000j\000e\000r\000c\000i\000c\000i\000o\000\040\0005\000.\0001\000\040\000\050\000T\000e\000o\000r\000e\000m\000a\000\040\000c\000e\000n\000t\000r\000a\000l\000\040\000d\000e\000l\000\040\000l\000\355\000m\000i\000t\000e\000\040\000p\000a\000r\000a\000\040\000c\000a\000d\000e\000n\000a\000s\000\051}{section*.118}% 28
\BOOKMARK [2][-]{section*.124}{\376\377\000E\000j\000e\000r\000c\000i\000c\000i\000o\000\040\0005\000.\0002\000\040\000\050\000G\000r\000a\000n\000d\000e\000s\000\040\000d\000e\000s\000v\000i\000a\000c\000i\000o\000n\000e\000s\000\051}{section*.118}% 29
\BOOKMARK [1][-]{section*.129}{\376\377\000A\000p\000l\000i\000c\000a\000c\000i\000o\000n\000e\000s}{}% 30
\BOOKMARK [2][-]{section*.130}{\376\377\000E\000j\000e\000r\000c\000i\000c\000i\000o\000\040\0006\000.\0001\000\040\000\050\000W\000r\000i\000g\000h\000t\040\023\000F\000i\000s\000h\000e\000r\000\051}{section*.129}% 31
\BOOKMARK [2][-]{section*.135}{\376\377\000E\000j\000e\000r\000c\000i\000c\000i\000o\000\040\0006\000.\0002\000\040\000\050\000E\000p\000i\000d\000e\000m\000i\000a\000\040\000S\000I\000S\000\051}{section*.129}% 32
\BOOKMARK [2][-]{section*.140}{\376\377\000E\000j\000e\000r\000c\000i\000c\000i\000o\000\040\0006\000.\0003\000\040\000\050\000C\000o\000l\000a\000\040\000M\000/\000M\000/\000s\000\051}{section*.129}% 33
\BOOKMARK [2][-]{section*.145}{\376\377\000E\000j\000e\000r\000c\000i\000c\000i\000o\000\040\0006\000.\0004\000\040\000\050\000I\000s\000i\000n\000g\000\040\000y\000\040\000G\000l\000a\000u\000b\000e\000r\000\051}{section*.129}% 34
\BOOKMARK [2][-]{section*.150}{\376\377\000E\000j\000e\000r\000c\000i\000c\000i\000o\000\040\0006\000.\0005\000\040\000\050\000M\000e\000t\000r\000o\000p\000o\000l\000i\000s\040\023\000H\000a\000s\000t\000i\000n\000g\000s\000\051}{section*.129}% 35
\BOOKMARK [2][-]{section*.155}{\376\377\000E\000j\000e\000r\000c\000i\000c\000i\000o\000\040\0006\000.\0006\000\040\000\050\000C\000a\000m\000i\000n\000a\000t\000a\000\040\000e\000n\000\040\000\341\000r\000b\000o\000l\000e\000s\000\051}{section*.129}% 36
\BOOKMARK [2][-]{section*.160}{\376\377\000E\000j\000e\000r\000c\000i\000c\000i\000o\000\040\0006\000.\0007\000\040\000\050\000P\000a\000g\000e\000R\000a\000n\000k\000\051}{section*.129}% 37
\BOOKMARK [2][-]{section*.165}{\376\377\000E\000j\000e\000r\000c\000i\000c\000i\000o\000\040\0006\000.\0008\000\040\000\050\000M\000o\000d\000e\000l\000o\000\040\000d\000e\000\040\000r\000u\000i\000n\000a\000\051}{section*.129}% 38
\BOOKMARK [2][-]{section*.170}{\376\377\000E\000j\000e\000r\000c\000i\000c\000i\000o\000\040\0006\000.\0009\000\040\000\050\000M\000C\000M\000C\000\051}{section*.129}% 39
\BOOKMARK [2][-]{section*.175}{\376\377\000E\000j\000e\000r\000c\000i\000c\000i\000o\000\040\0006\000.\0001\0000\000\040\000\050\000D\000e\000c\000a\000i\000m\000i\000e\000n\000t\000o\000\040\000r\000a\000d\000i\000o\000a\000c\000t\000i\000v\000o\000\051}{section*.129}% 40
\BOOKMARK [2][-]{section*.180}{\376\377\000E\000j\000e\000r\000c\000i\000c\000i\000o\000\040\0006\000.\0001\0001\000\040\000\050\000P\000r\000o\000c\000e\000s\000o\000\040\000d\000e\000\040\000Y\000u\000l\000e\000\051}{section*.129}% 41
\BOOKMARK [2][-]{section*.185}{\376\377\000E\000j\000e\000r\000c\000i\000c\000i\000o\000\040\0006\000.\0001\0002\000\040\000\050\000S\000I\000R\000\051}{section*.129}% 42
\BOOKMARK [2][-]{section*.190}{\376\377\000E\000j\000e\000r\000c\000i\000c\000i\000o\000\040\0006\000.\0001\0003\000\040\000\050\000F\000i\000l\000a\000s\000\040\000e\000n\000\040\000t\000\341\000n\000d\000e\000m\000\051}{section*.129}% 43
\BOOKMARK [2][-]{section*.195}{\376\377\000E\000j\000e\000r\000c\000i\000c\000i\000o\000\040\0006\000.\0001\0004\000\040\000\050\000C\000a\000n\000a\000l\000\040\000b\000i\000n\000a\000r\000i\000o\000\051}{section*.129}% 44
\BOOKMARK [2][-]{section*.200}{\376\377\000E\000j\000e\000r\000c\000i\000c\000i\000o\000\040\0006\000.\0001\0005\000\040\000\050\000I\000n\000v\000e\000n\000t\000a\000r\000i\000o\000\051}{section*.129}% 45
\BOOKMARK [2][-]{section*.205}{\376\377\000E\000j\000e\000r\000c\000i\000c\000i\000o\000\040\0006\000.\0001\0006\000\040\000\050\000D\000e\000g\000r\000a\000d\000a\000c\000i\000\363\000n\000\040\000y\000\040\000m\000a\000n\000t\000e\000n\000i\000m\000i\000e\000n\000t\000o\000\051}{section*.129}% 46
\BOOKMARK [2][-]{section*.210}{\376\377\000E\000j\000e\000r\000c\000i\000c\000i\000o\000\040\0006\000.\0001\0007\000\040\000\050\000F\000a\000r\000m\000a\000c\000o\000c\000i\000n\000\351\000t\000i\000c\000a\000\051}{section*.129}% 47
\BOOKMARK [2][-]{section*.215}{\376\377\000E\000j\000e\000r\000c\000i\000c\000i\000o\000\040\0006\000.\0001\0008\000\040\000\050\000L\000e\000y\000\040\000d\000e\000\040\000B\000e\000n\000f\000o\000r\000d\000\051}{section*.129}% 48
\BOOKMARK [2][-]{section*.220}{\376\377\000E\000j\000e\000r\000c\000i\000c\000i\000o\000\040\0006\000.\0001\0009\000\040\000\050\000R\000e\000c\000o\000m\000b\000i\000n\000a\000c\000i\000\363\000n\000\040\000g\000e\000n\000\351\000t\000i\000c\000a\000\051}{section*.129}% 49
\BOOKMARK [2][-]{section*.225}{\376\377\000E\000j\000e\000r\000c\000i\000c\000i\000o\000\040\0006\000.\0002\0000\000\040\000\050\000R\000e\000d\000\040\000d\000e\000\040\000c\000o\000l\000a\000s\000\040\000d\000e\000\040\000J\000a\000c\000k\000s\000o\000n\000\051}{section*.129}% 50
